<?xml version="1.0" encoding="utf-8"?><testsuites name="pytest tests"><testsuite name="pytest" errors="0" failures="1" skipped="0" tests="32" time="30.203" timestamp="2026-07-29T14:26:48.579612+00:00" hostname="agent-env-ee5a2929-e253-437e-b367-6023b58da0ac"><testcase classname="tests.backend_test.TestSecurity" name="test_get_requires_auth[/dashboard]" time="0.520" /><testcase classname="tests.backend_test.TestAuth" name="test_admin_login" time="0.498" /><testcase classname="tests.backend_test.TestAuth" name="test_admin_login_wrong_pw" time="0.363" /><testcase classname="tests.backend_test.TestSecurity" name="test_get_requires_auth[/analysis]" time="0.335" /><testcase classname="tests.backend_test.TestSecurity" name="test_get_requires_auth[/analysis/latest]" time="0.145" /><testcase classname="tests.backend_test.TestSecurity" name="test_get_requires_auth[/reports]" time="0.225" /><testcase classname="tests.backend_test.TestAuth" name="test_signup_new_user" time="0.523" /><testcase classname="tests.backend_test.TestSecurity" name="test_get_requires_auth[/favourites]" time="0.129" /><testcase classname="tests.backend_test.TestSecurity" name="test_get_requires_auth[/notifications]" time="0.110" /><testcase classname="tests.backend_test.TestAuth" name="test_signup_duplicate" time="0.113" /><testcase classname="tests.backend_test.TestSecurity" name="test_get_requires_auth[/chat/sessions]" time="0.128" /><testcase classname="tests.backend_test.TestAuth" name="test_me_unauthenticated" time="0.114" /><testcase classname="tests.backend_test.TestSecurity" name="test_get_requires_auth[/bill]" time="0.130" /><testcase classname="tests.backend_test.TestAuth" name="test_google_session_invalid" time="0.223" /><testcase classname="tests.backend_test.TestSecurity" name="test_post_analysis_requires_auth" time="0.149" /><testcase classname="tests.backend_test.TestAuth" name="test_forgot_reset_flow" time="2.067" /><testcase classname="tests.backend_test.TestSecurity" name="test_contact_admin_only" time="0.660" /><testcase classname="tests.backend_test.TestSecurity" name="test_data_isolation_analysis" time="13.593" /><testcase classname="tests.backend_test.TestAuth" name="test_forgot_unknown_email" time="0.105" /><testcase classname="tests.backend_test.TestAuth" name="test_verify_email_flow" time="0.233" /><testcase classname="tests.backend_test.TestAuth" name="test_update_profile" time="0.123" /><testcase classname="tests.backend_test.TestReports" name="test_create_get_email_report" time="0.128"><failure message="assert 404 == 200&#10; +  where 404 = &lt;Response [404]&gt;.status_code">backend/tests/backend_test.py:192: in test_create_get_email_report
    assert r.status_code == 200
E   assert 404 == 200
E    +  where 404 = &lt;Response [404]&gt;.status_code</failure></testcase><testcase classname="tests.backend_test.TestReports" name="test_reports_list" time="0.135" /><testcase classname="tests.backend_test.TestFavouritesAndNotifications" name="test_toggle_favourite" time="0.452" /><testcase classname="tests.backend_test.TestFavouritesAndNotifications" name="test_notifications" time="0.254" /><testcase classname="tests.backend_test.TestHealth" name="test_root" time="0.122" /><testcase classname="tests.backend_test.TestContact" name="test_contact_public" time="0.289" /><testcase classname="tests.backend_test.TestChat" name="test_chat_stream" time="4.513" /><testcase classname="tests.backend_test.TestBillScan" name="test_reject_bad_mime" time="0.136" /><testcase classname="tests.backend_test.TestAnalysis" name="test_run_analysis" time="13.203" /><testcase classname="tests.backend_test.TestAnalysis" name="test_dashboard" time="0.134" /><testcase classname="tests.backend_test.TestAnalysis" name="test_simulate" time="0.113" /></testsuite></testsuites>